2024-03-17T17:58:09.252+05:30  INFO 948 --- [main] c.p.c.CardPaymentAppApplication          : Starting CardPaymentAppApplication using Java 17.0.9 with PID 948 (C:\Users\91964\git\repository3\CardPaymentApp\target\classes started by 91964 in C:\Users\91964\git\repository3\CardPaymentApp)
2024-03-17T17:58:09.255+05:30  INFO 948 --- [main] c.p.c.CardPaymentAppApplication          : No active profile set, falling back to 1 default profile: "default"
2024-03-17T17:58:10.134+05:30  INFO 948 --- [main] .s.d.r.c.RepositoryConfigurationDelegate : Bootstrapping Spring Data JPA repositories in DEFAULT mode.
2024-03-17T17:58:10.217+05:30  INFO 948 --- [main] .s.d.r.c.RepositoryConfigurationDelegate : Finished Spring Data repository scanning in 66 ms. Found 1 JPA repository interface.
2024-03-17T17:58:10.872+05:30  INFO 948 --- [main] o.s.b.w.embedded.tomcat.TomcatWebServer  : Tomcat initialized with port 8080 (http)
2024-03-17T17:58:10.893+05:30  INFO 948 --- [main] o.apache.catalina.core.StandardService   : Starting service [Tomcat]
2024-03-17T17:58:10.893+05:30  INFO 948 --- [main] o.apache.catalina.core.StandardEngine    : Starting Servlet engine: [Apache Tomcat/10.1.19]
2024-03-17T17:58:10.957+05:30  INFO 948 --- [main] o.a.c.c.C.[Tomcat].[localhost].[/]       : Initializing Spring embedded WebApplicationContext
2024-03-17T17:58:10.957+05:30  INFO 948 --- [main] w.s.c.ServletWebServerApplicationContext : Root WebApplicationContext: initialization completed in 1652 ms
2024-03-17T17:58:11.133+05:30  INFO 948 --- [main] o.hibernate.jpa.internal.util.LogHelper  : HHH000204: Processing PersistenceUnitInfo [name: default]
2024-03-17T17:58:11.223+05:30  INFO 948 --- [main] org.hibernate.Version                    : HHH000412: Hibernate ORM core version 6.4.4.Final
2024-03-17T17:58:11.269+05:30  INFO 948 --- [main] o.h.c.internal.RegionFactoryInitiator    : HHH000026: Second-level cache disabled
2024-03-17T17:58:11.586+05:30  INFO 948 --- [main] o.s.o.j.p.SpringPersistenceUnitInfo      : No LoadTimeWeaver setup: ignoring JPA class transformer
2024-03-17T17:58:11.619+05:30  INFO 948 --- [main] com.zaxxer.hikari.HikariDataSource       : HikariPool-1 - Starting...
2024-03-17T17:58:12.067+05:30  INFO 948 --- [main] com.zaxxer.hikari.pool.HikariPool        : HikariPool-1 - Added connection com.mysql.cj.jdbc.ConnectionImpl@20faaf77
2024-03-17T17:58:12.069+05:30  INFO 948 --- [main] com.zaxxer.hikari.HikariDataSource       : HikariPool-1 - Start completed.
2024-03-17T17:58:13.250+05:30  INFO 948 --- [main] o.h.e.t.j.p.i.JtaPlatformInitiator       : HHH000489: No JTA platform available (set 'hibernate.transaction.jta.platform' to enable JTA platform integration)
2024-03-17T17:58:13.354+05:30  INFO 948 --- [main] j.LocalContainerEntityManagerFactoryBean : Initialized JPA EntityManagerFactory for persistence unit 'default'
2024-03-17T17:58:13.672+05:30  WARN 948 --- [main] JpaBaseConfiguration$JpaWebConfiguration : spring.jpa.open-in-view is enabled by default. Therefore, database queries may be performed during view rendering. Explicitly configure spring.jpa.open-in-view to disable this warning
2024-03-17T17:58:14.166+05:30  INFO 948 --- [main] o.s.b.w.embedded.tomcat.TomcatWebServer  : Tomcat started on port 8080 (http) with context path ''
2024-03-17T17:58:14.177+05:30  INFO 948 --- [main] c.p.c.CardPaymentAppApplication          : Started CardPaymentAppApplication in 5.422 seconds (process running for 6.304)
2024-03-17T18:00:47.981+05:30  INFO 948 --- [RMI TCP Connection(5)-127.0.0.1] inMXBeanRegistrar$SpringApplicationAdmin : Application shutdown requested.
2024-03-17T18:00:47.998+05:30  INFO 948 --- [RMI TCP Connection(5)-127.0.0.1] j.LocalContainerEntityManagerFactoryBean : Closing JPA EntityManagerFactory for persistence unit 'default'
2024-03-17T18:00:47.999+05:30  INFO 948 --- [RMI TCP Connection(5)-127.0.0.1] com.zaxxer.hikari.HikariDataSource       : HikariPool-1 - Shutdown initiated...
2024-03-17T18:00:48.021+05:30  INFO 948 --- [RMI TCP Connection(5)-127.0.0.1] com.zaxxer.hikari.HikariDataSource       : HikariPool-1 - Shutdown completed.
